

================================================================
== Vitis HLS Report for 'krnl_vadd_desc'
================================================================
* Date:           Tue Feb 17 16:20:26 2026

* Version:        2023.2 (Build 4023990 on Oct 11 2023)
* Project:        krnl_vadd_desc
* Solution:       solution (Vitis Kernel Flow Target)
* Product family: virtexuplusHBM
* Target device:  xcu280-fsvh2892-2L-e


================================================================
== Performance Estimates
================================================================
+ Timing: 
    * Summary: 
    +--------+---------+----------+------------+
    |  Clock |  Target | Estimated| Uncertainty|
    +--------+---------+----------+------------+
    |ap_clk  |  3.33 ns|  2.433 ns|     0.90 ns|
    +--------+---------+----------+------------+

+ Latency: 
    * Summary: 
    +---------+----------+----------+-----------+-----+----------+---------+
    |  Latency (cycles)  |  Latency (absolute)  |    Interval    | Pipeline|
    |   min   |    max   |    min   |    max    | min |    max   |   Type  |
    +---------+----------+----------+-----------+-----+----------+---------+
    |      235|  67332312|  0.783 us|  0.224 sec|  236|  67332313|       no|
    +---------+----------+----------+-----------+-----+----------+---------+

    + Detail: 
        * Instance: 
        +-------------------------------------------------------+--------------------------------------------+---------+---------+-----------+----------+-----+-------+---------+
        |                                                       |                                            |  Latency (cycles) |  Latency (absolute)  |   Interval  | Pipeline|
        |                        Instance                       |                   Module                   |   min   |   max   |    min    |    max   | min |  max  |   Type  |
        +-------------------------------------------------------+--------------------------------------------+---------+---------+-----------+----------+-----+-------+---------+
        |grp_krnl_vadd_desc_Pipeline_data_transfer_loop_fu_209  |krnl_vadd_desc_Pipeline_data_transfer_loop  |       19|    65539|  63.327 ns|  0.218 ms|   19|  65539|       no|
        +-------------------------------------------------------+--------------------------------------------+---------+---------+-----------+----------+-----+-------+---------+

        * Loop: 
        +-------------------+---------+----------+-------------+-----------+-----------+----------+----------+
        |                   |  Latency (cycles)  |  Iteration  |  Initiation Interval  |   Trip   |          |
        |     Loop Name     |   min   |    max   |   Latency   |  achieved |   target  |   Count  | Pipelined|
        +-------------------+---------+----------+-------------+-----------+-----------+----------+----------+
        |- descriptor_loop  |      234|  67332310|  234 ~ 65754|          -|          -|  1 ~ 1024|        no|
        +-------------------+---------+----------+-------------+-----------+-----------+----------+----------+



================================================================
== Utilization Estimates
================================================================
* Summary: 
+---------------------+---------+------+---------+---------+-----+
|         Name        | BRAM_18K|  DSP |    FF   |   LUT   | URAM|
+---------------------+---------+------+---------+---------+-----+
|DSP                  |        -|     -|        -|        -|    -|
|Expression           |        -|     -|        0|      334|    -|
|FIFO                 |        -|     -|        -|        -|    -|
|Instance             |       90|     -|    11530|     8955|    0|
|Memory               |        -|     -|        -|        -|    -|
|Multiplexer          |        -|     -|        -|     1340|    -|
|Register             |        -|     -|      947|        -|    -|
+---------------------+---------+------+---------+---------+-----+
|Total                |       90|     0|    12477|    10629|    0|
+---------------------+---------+------+---------+---------+-----+
|Available SLR        |     1344|  3008|   869120|   434560|  320|
+---------------------+---------+------+---------+---------+-----+
|Utilization SLR (%)  |        6|     0|        1|        2|    0|
+---------------------+---------+------+---------+---------+-----+
|Available            |     4032|  9024|  2607360|  1303680|  960|
+---------------------+---------+------+---------+---------+-----+
|Utilization (%)      |        2|     0|       ~0|       ~0|    0|
+---------------------+---------+------+---------+---------+-----+

+ Detail: 
    * Instance: 
    +-------------------------------------------------------+--------------------------------------------+---------+----+------+------+-----+
    |                        Instance                       |                   Module                   | BRAM_18K| DSP|  FF  |  LUT | URAM|
    +-------------------------------------------------------+--------------------------------------------+---------+----+------+------+-----+
    |control_s_axi_U                                        |control_s_axi                               |        0|   0|   424|   744|    0|
    |gmem0_m_axi_U                                          |gmem0_m_axi                                 |       30|   0|  3521|  2695|    0|
    |gmem2_m_axi_U                                          |gmem2_m_axi                                 |       30|   0|  3521|  2695|    0|
    |gmem_desc_m_axi_U                                      |gmem_desc_m_axi                             |       30|   0|  3521|  2695|    0|
    |grp_krnl_vadd_desc_Pipeline_data_transfer_loop_fu_209  |krnl_vadd_desc_Pipeline_data_transfer_loop  |        0|   0|   543|   126|    0|
    +-------------------------------------------------------+--------------------------------------------+---------+----+------+------+-----+
    |Total                                                  |                                            |       90|   0| 11530|  8955|    0|
    +-------------------------------------------------------+--------------------------------------------+---------+----+------+------+-----+

    * DSP: 
    N/A

    * Memory: 
    N/A

    * FIFO: 
    N/A

    * Expression: 
    +------------------------+----------+----+---+----+------------+------------+
    |      Variable Name     | Operation| DSP| FF| LUT| Bitwidth P0| Bitwidth P1|
    +------------------------+----------+----+---+----+------------+------------+
    |add_ln114_1_fu_382_p2   |         +|   0|  0|  71|          64|          64|
    |add_ln114_fu_367_p2     |         +|   0|  0|  71|          64|          64|
    |add_ln43_fu_352_p2      |         +|   0|  0|  39|          32|           6|
    |add_ln94_fu_265_p2      |         +|   0|  0|  71|          64|          64|
    |desc_count_2_fu_238_p2  |         +|   0|  0|  39|          32|           1|
    |ap_block_state216       |       and|   0|  0|   2|           1|           1|
    |icmp_ln84_fu_233_p2     |      icmp|   0|  0|  39|          32|          32|
    |ap_block_state1         |        or|   0|  0|   2|           1|           1|
    +------------------------+----------+----+---+----+------------+------------+
    |Total                   |          |   0|  0| 334|         290|         233|
    +------------------------+----------+----+---+----+------------+------------+

    * Multiplexer: 
    +----------------------------+------+-----------+-----+-----------+
    |            Name            |  LUT | Input Size| Bits| Total Bits|
    +----------------------------+------+-----------+-----+-----------+
    |ap_NS_fsm                   |  1152|        217|    1|        217|
    |ap_done                     |     9|          2|    1|          2|
    |current_desc_addr_1_fu_150  |     9|          2|   64|        128|
    |desc_count_fu_146           |     9|          2|   32|         64|
    |gmem0_ARADDR                |    14|          3|   64|        192|
    |gmem0_ARLEN                 |    14|          3|   32|         96|
    |gmem0_ARVALID               |    14|          3|    1|          3|
    |gmem0_RREADY                |     9|          2|    1|          2|
    |gmem0_blk_n_AR              |     9|          2|    1|          2|
    |gmem2_AWADDR                |    14|          3|   64|        192|
    |gmem2_AWLEN                 |    14|          3|   32|         96|
    |gmem2_AWVALID               |    14|          3|    1|          3|
    |gmem2_BREADY                |    14|          3|    1|          3|
    |gmem2_WVALID                |     9|          2|    1|          2|
    |gmem2_blk_n_AW              |     9|          2|    1|          2|
    |gmem2_blk_n_B               |     9|          2|    1|          2|
    |gmem_desc_blk_n_AR          |     9|          2|    1|          2|
    |gmem_desc_blk_n_R           |     9|          2|    1|          2|
    +----------------------------+------+-----------+-----+-----------+
    |Total                       |  1340|        258|  300|       1010|
    +----------------------------+------+-----------+-----+-----------+

    * Register: 
    +--------------------------------------------------------------------+-----+----+-----+-----------+
    |                                Name                                |  FF | LUT| Bits| Const Bits|
    +--------------------------------------------------------------------+-----+----+-----+-----------+
    |ap_CS_fsm                                                           |  216|   0|  216|          0|
    |ap_done_reg                                                         |    1|   0|    1|          0|
    |ap_rst_n_inv                                                        |    1|   0|    1|          0|
    |ap_rst_reg_1                                                        |    1|   0|    1|          0|
    |ap_rst_reg_2                                                        |    1|   0|    1|          0|
    |current_desc_addr_1_fu_150                                          |   64|   0|   64|          0|
    |data_mem0_read_reg_465                                              |   64|   0|   64|          0|
    |data_mem2_read_reg_460                                              |   64|   0|   64|          0|
    |desc_count_2_reg_479                                                |   32|   0|   32|          0|
    |desc_count_fu_146                                                   |   32|   0|   32|          0|
    |desc_mem_read_reg_470                                               |   64|   0|   64|          0|
    |grp_krnl_vadd_desc_Pipeline_data_transfer_loop_fu_209_ap_start_reg  |    1|   0|    1|          0|
    |icmp_ln84_reg_475                                                   |    1|   0|    1|          0|
    |length_reg_495                                                      |   32|   0|   32|          0|
    |num_words_reg_519                                                   |   26|   0|   26|          0|
    |tmp_1_reg_500                                                       |   58|   0|   58|          0|
    |tmp_2_reg_505                                                       |   58|   0|   58|          0|
    |tmp_3_reg_514                                                       |   30|   0|   30|          0|
    |tmp_4_reg_510                                                       |    1|   0|    1|          0|
    |trunc_ln114_1_reg_531                                               |   58|   0|   58|          0|
    |trunc_ln1_reg_525                                                   |   58|   0|   58|          0|
    |trunc_ln_reg_484                                                    |   58|   0|   58|          0|
    |zext_ln43_reg_537                                                   |   26|   0|   32|          6|
    +--------------------------------------------------------------------+-----+----+-----+-----------+
    |Total                                                               |  947|   0|  953|          6|
    +--------------------------------------------------------------------+-----+----+-----+-----------+



================================================================
== Interface
================================================================
* Summary: 
+--------------------------+-----+-----+---------------+----------------+--------------+
|         RTL Ports        | Dir | Bits|    Protocol   |  Source Object |    C Type    |
+--------------------------+-----+-----+---------------+----------------+--------------+
|s_axi_control_AWVALID     |   in|    1|          s_axi|         control|        scalar|
|s_axi_control_AWREADY     |  out|    1|          s_axi|         control|        scalar|
|s_axi_control_AWADDR      |   in|    7|          s_axi|         control|        scalar|
|s_axi_control_WVALID      |   in|    1|          s_axi|         control|        scalar|
|s_axi_control_WREADY      |  out|    1|          s_axi|         control|        scalar|
|s_axi_control_WDATA       |   in|   32|          s_axi|         control|        scalar|
|s_axi_control_WSTRB       |   in|    4|          s_axi|         control|        scalar|
|s_axi_control_ARVALID     |   in|    1|          s_axi|         control|        scalar|
|s_axi_control_ARREADY     |  out|    1|          s_axi|         control|        scalar|
|s_axi_control_ARADDR      |   in|    7|          s_axi|         control|        scalar|
|s_axi_control_RVALID      |  out|    1|          s_axi|         control|        scalar|
|s_axi_control_RREADY      |   in|    1|          s_axi|         control|        scalar|
|s_axi_control_RDATA       |  out|   32|          s_axi|         control|        scalar|
|s_axi_control_RRESP       |  out|    2|          s_axi|         control|        scalar|
|s_axi_control_BVALID      |  out|    1|          s_axi|         control|        scalar|
|s_axi_control_BREADY      |   in|    1|          s_axi|         control|        scalar|
|s_axi_control_BRESP       |  out|    2|          s_axi|         control|        scalar|
|ap_clk                    |   in|    1|  ap_ctrl_chain|  krnl_vadd_desc|  return value|
|ap_rst_n                  |   in|    1|  ap_ctrl_chain|  krnl_vadd_desc|  return value|
|interrupt                 |  out|    1|  ap_ctrl_chain|  krnl_vadd_desc|  return value|
|m_axi_gmem_desc_AWVALID   |  out|    1|          m_axi|       gmem_desc|       pointer|
|m_axi_gmem_desc_AWREADY   |   in|    1|          m_axi|       gmem_desc|       pointer|
|m_axi_gmem_desc_AWADDR    |  out|   64|          m_axi|       gmem_desc|       pointer|
|m_axi_gmem_desc_AWID      |  out|    1|          m_axi|       gmem_desc|       pointer|
|m_axi_gmem_desc_AWLEN     |  out|    8|          m_axi|       gmem_desc|       pointer|
|m_axi_gmem_desc_AWSIZE    |  out|    3|          m_axi|       gmem_desc|       pointer|
|m_axi_gmem_desc_AWBURST   |  out|    2|          m_axi|       gmem_desc|       pointer|
|m_axi_gmem_desc_AWLOCK    |  out|    2|          m_axi|       gmem_desc|       pointer|
|m_axi_gmem_desc_AWCACHE   |  out|    4|          m_axi|       gmem_desc|       pointer|
|m_axi_gmem_desc_AWPROT    |  out|    3|          m_axi|       gmem_desc|       pointer|
|m_axi_gmem_desc_AWQOS     |  out|    4|          m_axi|       gmem_desc|       pointer|
|m_axi_gmem_desc_AWREGION  |  out|    4|          m_axi|       gmem_desc|       pointer|
|m_axi_gmem_desc_AWUSER    |  out|    1|          m_axi|       gmem_desc|       pointer|
|m_axi_gmem_desc_WVALID    |  out|    1|          m_axi|       gmem_desc|       pointer|
|m_axi_gmem_desc_WREADY    |   in|    1|          m_axi|       gmem_desc|       pointer|
|m_axi_gmem_desc_WDATA     |  out|  512|          m_axi|       gmem_desc|       pointer|
|m_axi_gmem_desc_WSTRB     |  out|   64|          m_axi|       gmem_desc|       pointer|
|m_axi_gmem_desc_WLAST     |  out|    1|          m_axi|       gmem_desc|       pointer|
|m_axi_gmem_desc_WID       |  out|    1|          m_axi|       gmem_desc|       pointer|
|m_axi_gmem_desc_WUSER     |  out|    1|          m_axi|       gmem_desc|       pointer|
|m_axi_gmem_desc_ARVALID   |  out|    1|          m_axi|       gmem_desc|       pointer|
|m_axi_gmem_desc_ARREADY   |   in|    1|          m_axi|       gmem_desc|       pointer|
|m_axi_gmem_desc_ARADDR    |  out|   64|          m_axi|       gmem_desc|       pointer|
|m_axi_gmem_desc_ARID      |  out|    1|          m_axi|       gmem_desc|       pointer|
|m_axi_gmem_desc_ARLEN     |  out|    8|          m_axi|       gmem_desc|       pointer|
|m_axi_gmem_desc_ARSIZE    |  out|    3|          m_axi|       gmem_desc|       pointer|
|m_axi_gmem_desc_ARBURST   |  out|    2|          m_axi|       gmem_desc|       pointer|
|m_axi_gmem_desc_ARLOCK    |  out|    2|          m_axi|       gmem_desc|       pointer|
|m_axi_gmem_desc_ARCACHE   |  out|    4|          m_axi|       gmem_desc|       pointer|
|m_axi_gmem_desc_ARPROT    |  out|    3|          m_axi|       gmem_desc|       pointer|
|m_axi_gmem_desc_ARQOS     |  out|    4|          m_axi|       gmem_desc|       pointer|
|m_axi_gmem_desc_ARREGION  |  out|    4|          m_axi|       gmem_desc|       pointer|
|m_axi_gmem_desc_ARUSER    |  out|    1|          m_axi|       gmem_desc|       pointer|
|m_axi_gmem_desc_RVALID    |   in|    1|          m_axi|       gmem_desc|       pointer|
|m_axi_gmem_desc_RREADY    |  out|    1|          m_axi|       gmem_desc|       pointer|
|m_axi_gmem_desc_RDATA     |   in|  512|          m_axi|       gmem_desc|       pointer|
|m_axi_gmem_desc_RLAST     |   in|    1|          m_axi|       gmem_desc|       pointer|
|m_axi_gmem_desc_RID       |   in|    1|          m_axi|       gmem_desc|       pointer|
|m_axi_gmem_desc_RUSER     |   in|    1|          m_axi|       gmem_desc|       pointer|
|m_axi_gmem_desc_RRESP     |   in|    2|          m_axi|       gmem_desc|       pointer|
|m_axi_gmem_desc_BVALID    |   in|    1|          m_axi|       gmem_desc|       pointer|
|m_axi_gmem_desc_BREADY    |  out|    1|          m_axi|       gmem_desc|       pointer|
|m_axi_gmem_desc_BRESP     |   in|    2|          m_axi|       gmem_desc|       pointer|
|m_axi_gmem_desc_BID       |   in|    1|          m_axi|       gmem_desc|       pointer|
|m_axi_gmem_desc_BUSER     |   in|    1|          m_axi|       gmem_desc|       pointer|
|m_axi_gmem0_AWVALID       |  out|    1|          m_axi|           gmem0|       pointer|
|m_axi_gmem0_AWREADY       |   in|    1|          m_axi|           gmem0|       pointer|
|m_axi_gmem0_AWADDR        |  out|   64|          m_axi|           gmem0|       pointer|
|m_axi_gmem0_AWID          |  out|    1|          m_axi|           gmem0|       pointer|
|m_axi_gmem0_AWLEN         |  out|    8|          m_axi|           gmem0|       pointer|
|m_axi_gmem0_AWSIZE        |  out|    3|          m_axi|           gmem0|       pointer|
|m_axi_gmem0_AWBURST       |  out|    2|          m_axi|           gmem0|       pointer|
|m_axi_gmem0_AWLOCK        |  out|    2|          m_axi|           gmem0|       pointer|
|m_axi_gmem0_AWCACHE       |  out|    4|          m_axi|           gmem0|       pointer|
|m_axi_gmem0_AWPROT        |  out|    3|          m_axi|           gmem0|       pointer|
|m_axi_gmem0_AWQOS         |  out|    4|          m_axi|           gmem0|       pointer|
|m_axi_gmem0_AWREGION      |  out|    4|          m_axi|           gmem0|       pointer|
|m_axi_gmem0_AWUSER        |  out|    1|          m_axi|           gmem0|       pointer|
|m_axi_gmem0_WVALID        |  out|    1|          m_axi|           gmem0|       pointer|
|m_axi_gmem0_WREADY        |   in|    1|          m_axi|           gmem0|       pointer|
|m_axi_gmem0_WDATA         |  out|  512|          m_axi|           gmem0|       pointer|
|m_axi_gmem0_WSTRB         |  out|   64|          m_axi|           gmem0|       pointer|
|m_axi_gmem0_WLAST         |  out|    1|          m_axi|           gmem0|       pointer|
|m_axi_gmem0_WID           |  out|    1|          m_axi|           gmem0|       pointer|
|m_axi_gmem0_WUSER         |  out|    1|          m_axi|           gmem0|       pointer|
|m_axi_gmem0_ARVALID       |  out|    1|          m_axi|           gmem0|       pointer|
|m_axi_gmem0_ARREADY       |   in|    1|          m_axi|           gmem0|       pointer|
|m_axi_gmem0_ARADDR        |  out|   64|          m_axi|           gmem0|       pointer|
|m_axi_gmem0_ARID          |  out|    1|          m_axi|           gmem0|       pointer|
|m_axi_gmem0_ARLEN         |  out|    8|          m_axi|           gmem0|       pointer|
|m_axi_gmem0_ARSIZE        |  out|    3|          m_axi|           gmem0|       pointer|
|m_axi_gmem0_ARBURST       |  out|    2|          m_axi|           gmem0|       pointer|
|m_axi_gmem0_ARLOCK        |  out|    2|          m_axi|           gmem0|       pointer|
|m_axi_gmem0_ARCACHE       |  out|    4|          m_axi|           gmem0|       pointer|
|m_axi_gmem0_ARPROT        |  out|    3|          m_axi|           gmem0|       pointer|
|m_axi_gmem0_ARQOS         |  out|    4|          m_axi|           gmem0|       pointer|
|m_axi_gmem0_ARREGION      |  out|    4|          m_axi|           gmem0|       pointer|
|m_axi_gmem0_ARUSER        |  out|    1|          m_axi|           gmem0|       pointer|
|m_axi_gmem0_RVALID        |   in|    1|          m_axi|           gmem0|       pointer|
|m_axi_gmem0_RREADY        |  out|    1|          m_axi|           gmem0|       pointer|
|m_axi_gmem0_RDATA         |   in|  512|          m_axi|           gmem0|       pointer|
|m_axi_gmem0_RLAST         |   in|    1|          m_axi|           gmem0|       pointer|
|m_axi_gmem0_RID           |   in|    1|          m_axi|           gmem0|       pointer|
|m_axi_gmem0_RUSER         |   in|    1|          m_axi|           gmem0|       pointer|
|m_axi_gmem0_RRESP         |   in|    2|          m_axi|           gmem0|       pointer|
|m_axi_gmem0_BVALID        |   in|    1|          m_axi|           gmem0|       pointer|
|m_axi_gmem0_BREADY        |  out|    1|          m_axi|           gmem0|       pointer|
|m_axi_gmem0_BRESP         |   in|    2|          m_axi|           gmem0|       pointer|
|m_axi_gmem0_BID           |   in|    1|          m_axi|           gmem0|       pointer|
|m_axi_gmem0_BUSER         |   in|    1|          m_axi|           gmem0|       pointer|
|m_axi_gmem1_AWVALID       |  out|    1|          m_axi|           gmem1|       pointer|
|m_axi_gmem1_AWREADY       |   in|    1|          m_axi|           gmem1|       pointer|
|m_axi_gmem1_AWADDR        |  out|   64|          m_axi|           gmem1|       pointer|
|m_axi_gmem1_AWID          |  out|    1|          m_axi|           gmem1|       pointer|
|m_axi_gmem1_AWLEN         |  out|    8|          m_axi|           gmem1|       pointer|
|m_axi_gmem1_AWSIZE        |  out|    3|          m_axi|           gmem1|       pointer|
|m_axi_gmem1_AWBURST       |  out|    2|          m_axi|           gmem1|       pointer|
|m_axi_gmem1_AWLOCK        |  out|    2|          m_axi|           gmem1|       pointer|
|m_axi_gmem1_AWCACHE       |  out|    4|          m_axi|           gmem1|       pointer|
|m_axi_gmem1_AWPROT        |  out|    3|          m_axi|           gmem1|       pointer|
|m_axi_gmem1_AWQOS         |  out|    4|          m_axi|           gmem1|       pointer|
|m_axi_gmem1_AWREGION      |  out|    4|          m_axi|           gmem1|       pointer|
|m_axi_gmem1_AWUSER        |  out|    1|          m_axi|           gmem1|       pointer|
|m_axi_gmem1_WVALID        |  out|    1|          m_axi|           gmem1|       pointer|
|m_axi_gmem1_WREADY        |   in|    1|          m_axi|           gmem1|       pointer|
|m_axi_gmem1_WDATA         |  out|  512|          m_axi|           gmem1|       pointer|
|m_axi_gmem1_WSTRB         |  out|   64|          m_axi|           gmem1|       pointer|
|m_axi_gmem1_WLAST         |  out|    1|          m_axi|           gmem1|       pointer|
|m_axi_gmem1_WID           |  out|    1|          m_axi|           gmem1|       pointer|
|m_axi_gmem1_WUSER         |  out|    1|          m_axi|           gmem1|       pointer|
|m_axi_gmem1_ARVALID       |  out|    1|          m_axi|           gmem1|       pointer|
|m_axi_gmem1_ARREADY       |   in|    1|          m_axi|           gmem1|       pointer|
|m_axi_gmem1_ARADDR        |  out|   64|          m_axi|           gmem1|       pointer|
|m_axi_gmem1_ARID          |  out|    1|          m_axi|           gmem1|       pointer|
|m_axi_gmem1_ARLEN         |  out|    8|          m_axi|           gmem1|       pointer|
|m_axi_gmem1_ARSIZE        |  out|    3|          m_axi|           gmem1|       pointer|
|m_axi_gmem1_ARBURST       |  out|    2|          m_axi|           gmem1|       pointer|
|m_axi_gmem1_ARLOCK        |  out|    2|          m_axi|           gmem1|       pointer|
|m_axi_gmem1_ARCACHE       |  out|    4|          m_axi|           gmem1|       pointer|
|m_axi_gmem1_ARPROT        |  out|    3|          m_axi|           gmem1|       pointer|
|m_axi_gmem1_ARQOS         |  out|    4|          m_axi|           gmem1|       pointer|
|m_axi_gmem1_ARREGION      |  out|    4|          m_axi|           gmem1|       pointer|
|m_axi_gmem1_ARUSER        |  out|    1|          m_axi|           gmem1|       pointer|
|m_axi_gmem1_RVALID        |   in|    1|          m_axi|           gmem1|       pointer|
|m_axi_gmem1_RREADY        |  out|    1|          m_axi|           gmem1|       pointer|
|m_axi_gmem1_RDATA         |   in|  512|          m_axi|           gmem1|       pointer|
|m_axi_gmem1_RLAST         |   in|    1|          m_axi|           gmem1|       pointer|
|m_axi_gmem1_RID           |   in|    1|          m_axi|           gmem1|       pointer|
|m_axi_gmem1_RUSER         |   in|    1|          m_axi|           gmem1|       pointer|
|m_axi_gmem1_RRESP         |   in|    2|          m_axi|           gmem1|       pointer|
|m_axi_gmem1_BVALID        |   in|    1|          m_axi|           gmem1|       pointer|
|m_axi_gmem1_BREADY        |  out|    1|          m_axi|           gmem1|       pointer|
|m_axi_gmem1_BRESP         |   in|    2|          m_axi|           gmem1|       pointer|
|m_axi_gmem1_BID           |   in|    1|          m_axi|           gmem1|       pointer|
|m_axi_gmem1_BUSER         |   in|    1|          m_axi|           gmem1|       pointer|
|m_axi_gmem2_AWVALID       |  out|    1|          m_axi|           gmem2|       pointer|
|m_axi_gmem2_AWREADY       |   in|    1|          m_axi|           gmem2|       pointer|
|m_axi_gmem2_AWADDR        |  out|   64|          m_axi|           gmem2|       pointer|
|m_axi_gmem2_AWID          |  out|    1|          m_axi|           gmem2|       pointer|
|m_axi_gmem2_AWLEN         |  out|    8|          m_axi|           gmem2|       pointer|
|m_axi_gmem2_AWSIZE        |  out|    3|          m_axi|           gmem2|       pointer|
|m_axi_gmem2_AWBURST       |  out|    2|          m_axi|           gmem2|       pointer|
|m_axi_gmem2_AWLOCK        |  out|    2|          m_axi|           gmem2|       pointer|
|m_axi_gmem2_AWCACHE       |  out|    4|          m_axi|           gmem2|       pointer|
|m_axi_gmem2_AWPROT        |  out|    3|          m_axi|           gmem2|       pointer|
|m_axi_gmem2_AWQOS         |  out|    4|          m_axi|           gmem2|       pointer|
|m_axi_gmem2_AWREGION      |  out|    4|          m_axi|           gmem2|       pointer|
|m_axi_gmem2_AWUSER        |  out|    1|          m_axi|           gmem2|       pointer|
|m_axi_gmem2_WVALID        |  out|    1|          m_axi|           gmem2|       pointer|
|m_axi_gmem2_WREADY        |   in|    1|          m_axi|           gmem2|       pointer|
|m_axi_gmem2_WDATA         |  out|  512|          m_axi|           gmem2|       pointer|
|m_axi_gmem2_WSTRB         |  out|   64|          m_axi|           gmem2|       pointer|
|m_axi_gmem2_WLAST         |  out|    1|          m_axi|           gmem2|       pointer|
|m_axi_gmem2_WID           |  out|    1|          m_axi|           gmem2|       pointer|
|m_axi_gmem2_WUSER         |  out|    1|          m_axi|           gmem2|       pointer|
|m_axi_gmem2_ARVALID       |  out|    1|          m_axi|           gmem2|       pointer|
|m_axi_gmem2_ARREADY       |   in|    1|          m_axi|           gmem2|       pointer|
|m_axi_gmem2_ARADDR        |  out|   64|          m_axi|           gmem2|       pointer|
|m_axi_gmem2_ARID          |  out|    1|          m_axi|           gmem2|       pointer|
|m_axi_gmem2_ARLEN         |  out|    8|          m_axi|           gmem2|       pointer|
|m_axi_gmem2_ARSIZE        |  out|    3|          m_axi|           gmem2|       pointer|
|m_axi_gmem2_ARBURST       |  out|    2|          m_axi|           gmem2|       pointer|
|m_axi_gmem2_ARLOCK        |  out|    2|          m_axi|           gmem2|       pointer|
|m_axi_gmem2_ARCACHE       |  out|    4|          m_axi|           gmem2|       pointer|
|m_axi_gmem2_ARPROT        |  out|    3|          m_axi|           gmem2|       pointer|
|m_axi_gmem2_ARQOS         |  out|    4|          m_axi|           gmem2|       pointer|
|m_axi_gmem2_ARREGION      |  out|    4|          m_axi|           gmem2|       pointer|
|m_axi_gmem2_ARUSER        |  out|    1|          m_axi|           gmem2|       pointer|
|m_axi_gmem2_RVALID        |   in|    1|          m_axi|           gmem2|       pointer|
|m_axi_gmem2_RREADY        |  out|    1|          m_axi|           gmem2|       pointer|
|m_axi_gmem2_RDATA         |   in|  512|          m_axi|           gmem2|       pointer|
|m_axi_gmem2_RLAST         |   in|    1|          m_axi|           gmem2|       pointer|
|m_axi_gmem2_RID           |   in|    1|          m_axi|           gmem2|       pointer|
|m_axi_gmem2_RUSER         |   in|    1|          m_axi|           gmem2|       pointer|
|m_axi_gmem2_RRESP         |   in|    2|          m_axi|           gmem2|       pointer|
|m_axi_gmem2_BVALID        |   in|    1|          m_axi|           gmem2|       pointer|
|m_axi_gmem2_BREADY        |  out|    1|          m_axi|           gmem2|       pointer|
|m_axi_gmem2_BRESP         |   in|    2|          m_axi|           gmem2|       pointer|
|m_axi_gmem2_BID           |   in|    1|          m_axi|           gmem2|       pointer|
|m_axi_gmem2_BUSER         |   in|    1|          m_axi|           gmem2|       pointer|
+--------------------------+-----+-----+---------------+----------------+--------------+

