

================================================================
== Vitis HLS Report for 'krnl_vadd_desc_Pipeline_data_transfer_loop'
================================================================
* Date:           Tue Feb 17 16:20:25 2026

* Version:        2023.2 (Build 4023990 on Oct 11 2023)
* Project:        krnl_vadd_desc
* Solution:       solution (Vitis Kernel Flow Target)
* Product family: virtexuplusHBM
* Target device:  xcu280-fsvh2892-2L-e


================================================================
== Performance Estimates
================================================================
+ Timing: 
    * Summary: 
    +--------+---------+----------+------------+
    |  Clock |  Target | Estimated| Uncertainty|
    +--------+---------+----------+------------+
    |ap_clk  |  3.33 ns|  2.433 ns|     0.90 ns|
    +--------+---------+----------+------------+

+ Latency: 
    * Summary: 
    +---------+---------+-----------+----------+-----+-------+---------+
    |  Latency (cycles) |  Latency (absolute)  |   Interval  | Pipeline|
    |   min   |   max   |    min    |    max   | min |  max  |   Type  |
    +---------+---------+-----------+----------+-----+-------+---------+
    |       19|    65539|  63.327 ns|  0.218 ms|   19|  65539|       no|
    +---------+---------+-----------+----------+-----+-------+---------+

    + Detail: 
        * Instance: 
        N/A

        * Loop: 
        +----------------------+---------+---------+----------+-----------+-----------+------------+----------+
        |                      |  Latency (cycles) | Iteration|  Initiation Interval  |    Trip    |          |
        |       Loop Name      |   min   |   max   |  Latency |  achieved |   target  |    Count   | Pipelined|
        +----------------------+---------+---------+----------+-----------+-----------+------------+----------+
        |- data_transfer_loop  |       17|    65537|         3|          1|          1|  16 ~ 65536|       yes|
        +----------------------+---------+---------+----------+-----------+-----------+------------+----------+



================================================================
== Utilization Estimates
================================================================
* Summary: 
+---------------------+---------+------+---------+---------+-----+
|         Name        | BRAM_18K|  DSP |    FF   |   LUT   | URAM|
+---------------------+---------+------+---------+---------+-----+
|DSP                  |        -|     -|        -|        -|    -|
|Expression           |        -|     -|        0|       72|    -|
|FIFO                 |        -|     -|        -|        -|    -|
|Instance             |        -|     -|        -|        -|    -|
|Memory               |        -|     -|        -|        -|    -|
|Multiplexer          |        -|     -|        -|       54|    -|
|Register             |        -|     -|      543|        -|    -|
+---------------------+---------+------+---------+---------+-----+
|Total                |        0|     0|      543|      126|    0|
+---------------------+---------+------+---------+---------+-----+
|Available SLR        |     1344|  3008|   869120|   434560|  320|
+---------------------+---------+------+---------+---------+-----+
|Utilization SLR (%)  |        0|     0|       ~0|       ~0|    0|
+---------------------+---------+------+---------+---------+-----+
|Available            |     4032|  9024|  2607360|  1303680|  960|
+---------------------+---------+------+---------+---------+-----+
|Utilization (%)      |        0|     0|       ~0|       ~0|    0|
+---------------------+---------+------+---------+---------+-----+

+ Detail: 
    * Instance: 
    N/A

    * DSP: 
    N/A

    * Memory: 
    N/A

    * FIFO: 
    N/A

    * Expression: 
    +---------------------------+----------+----+---+----+------------+------------+
    |       Variable Name       | Operation| DSP| FF| LUT| Bitwidth P0| Bitwidth P1|
    +---------------------------+----------+----+---+----+------------+------------+
    |add_ln114_fu_119_p2        |         +|   0|  0|  33|          26|           1|
    |ap_block_pp0_stage0_01001  |       and|   0|  0|   2|           1|           1|
    |icmp_ln114_fu_113_p2       |      icmp|   0|  0|  33|          26|          26|
    |ap_block_pp0_stage0_11001  |        or|   0|  0|   2|           1|           1|
    |ap_enable_pp0              |       xor|   0|  0|   2|           1|           2|
    +---------------------------+----------+----+---+----+------------+------------+
    |Total                      |          |   0|  0|  72|          55|          31|
    +---------------------------+----------+----+---+----+------------+------------+

    * Multiplexer: 
    +-------------------------+----+-----------+-----+-----------+
    |           Name          | LUT| Input Size| Bits| Total Bits|
    +-------------------------+----+-----------+-----+-----------+
    |ap_done_int              |   9|          2|    1|          2|
    |ap_enable_reg_pp0_iter1  |   9|          2|    1|          2|
    |ap_sig_allocacmp_i_1     |   9|          2|   26|         52|
    |gmem0_blk_n_R            |   9|          2|    1|          2|
    |gmem2_blk_n_W            |   9|          2|    1|          2|
    |i_fu_62                  |   9|          2|   26|         52|
    +-------------------------+----+-----------+-----+-----------+
    |Total                    |  54|         12|   56|        112|
    +-------------------------+----+-----------+-----+-----------+

    * Register: 
    +----------------------------------+-----+----+-----+-----------+
    |               Name               |  FF | LUT| Bits| Const Bits|
    +----------------------------------+-----+----+-----+-----------+
    |ap_CS_fsm                         |    1|   0|    1|          0|
    |ap_done_reg                       |    1|   0|    1|          0|
    |ap_enable_reg_pp0_iter1           |    1|   0|    1|          0|
    |ap_enable_reg_pp0_iter2           |    1|   0|    1|          0|
    |ap_loop_exit_ready_pp0_iter1_reg  |    1|   0|    1|          0|
    |gmem0_addr_read_reg_163           |  512|   0|  512|          0|
    |i_fu_62                           |   26|   0|   26|          0|
    +----------------------------------+-----+----+-----+-----------+
    |Total                             |  543|   0|  543|          0|
    +----------------------------------+-----+----+-----+-----------+



================================================================
== Interface
================================================================
* Summary: 
+----------------------+-----+-----+------------+--------------------------------------------+--------------+
|       RTL Ports      | Dir | Bits|  Protocol  |                Source Object               |    C Type    |
+----------------------+-----+-----+------------+--------------------------------------------+--------------+
|ap_clk                |   in|    1|  ap_ctrl_hs|  krnl_vadd_desc_Pipeline_data_transfer_loop|  return value|
|ap_rst                |   in|    1|  ap_ctrl_hs|  krnl_vadd_desc_Pipeline_data_transfer_loop|  return value|
|ap_start              |   in|    1|  ap_ctrl_hs|  krnl_vadd_desc_Pipeline_data_transfer_loop|  return value|
|ap_done               |  out|    1|  ap_ctrl_hs|  krnl_vadd_desc_Pipeline_data_transfer_loop|  return value|
|ap_idle               |  out|    1|  ap_ctrl_hs|  krnl_vadd_desc_Pipeline_data_transfer_loop|  return value|
|ap_ready              |  out|    1|  ap_ctrl_hs|  krnl_vadd_desc_Pipeline_data_transfer_loop|  return value|
|m_axi_gmem0_AWVALID   |  out|    1|       m_axi|                                       gmem0|       pointer|
|m_axi_gmem0_AWREADY   |   in|    1|       m_axi|                                       gmem0|       pointer|
|m_axi_gmem0_AWADDR    |  out|   64|       m_axi|                                       gmem0|       pointer|
|m_axi_gmem0_AWID      |  out|    1|       m_axi|                                       gmem0|       pointer|
|m_axi_gmem0_AWLEN     |  out|   32|       m_axi|                                       gmem0|       pointer|
|m_axi_gmem0_AWSIZE    |  out|    3|       m_axi|                                       gmem0|       pointer|
|m_axi_gmem0_AWBURST   |  out|    2|       m_axi|                                       gmem0|       pointer|
|m_axi_gmem0_AWLOCK    |  out|    2|       m_axi|                                       gmem0|       pointer|
|m_axi_gmem0_AWCACHE   |  out|    4|       m_axi|                                       gmem0|       pointer|
|m_axi_gmem0_AWPROT    |  out|    3|       m_axi|                                       gmem0|       pointer|
|m_axi_gmem0_AWQOS     |  out|    4|       m_axi|                                       gmem0|       pointer|
|m_axi_gmem0_AWREGION  |  out|    4|       m_axi|                                       gmem0|       pointer|
|m_axi_gmem0_AWUSER    |  out|    1|       m_axi|                                       gmem0|       pointer|
|m_axi_gmem0_WVALID    |  out|    1|       m_axi|                                       gmem0|       pointer|
|m_axi_gmem0_WREADY    |   in|    1|       m_axi|                                       gmem0|       pointer|
|m_axi_gmem0_WDATA     |  out|  512|       m_axi|                                       gmem0|       pointer|
|m_axi_gmem0_WSTRB     |  out|   64|       m_axi|                                       gmem0|       pointer|
|m_axi_gmem0_WLAST     |  out|    1|       m_axi|                                       gmem0|       pointer|
|m_axi_gmem0_WID       |  out|    1|       m_axi|                                       gmem0|       pointer|
|m_axi_gmem0_WUSER     |  out|    1|       m_axi|                                       gmem0|       pointer|
|m_axi_gmem0_ARVALID   |  out|    1|       m_axi|                                       gmem0|       pointer|
|m_axi_gmem0_ARREADY   |   in|    1|       m_axi|                                       gmem0|       pointer|
|m_axi_gmem0_ARADDR    |  out|   64|       m_axi|                                       gmem0|       pointer|
|m_axi_gmem0_ARID      |  out|    1|       m_axi|                                       gmem0|       pointer|
|m_axi_gmem0_ARLEN     |  out|   32|       m_axi|                                       gmem0|       pointer|
|m_axi_gmem0_ARSIZE    |  out|    3|       m_axi|                                       gmem0|       pointer|
|m_axi_gmem0_ARBURST   |  out|    2|       m_axi|                                       gmem0|       pointer|
|m_axi_gmem0_ARLOCK    |  out|    2|       m_axi|                                       gmem0|       pointer|
|m_axi_gmem0_ARCACHE   |  out|    4|       m_axi|                                       gmem0|       pointer|
|m_axi_gmem0_ARPROT    |  out|    3|       m_axi|                                       gmem0|       pointer|
|m_axi_gmem0_ARQOS     |  out|    4|       m_axi|                                       gmem0|       pointer|
|m_axi_gmem0_ARREGION  |  out|    4|       m_axi|                                       gmem0|       pointer|
|m_axi_gmem0_ARUSER    |  out|    1|       m_axi|                                       gmem0|       pointer|
|m_axi_gmem0_RVALID    |   in|    1|       m_axi|                                       gmem0|       pointer|
|m_axi_gmem0_RREADY    |  out|    1|       m_axi|                                       gmem0|       pointer|
|m_axi_gmem0_RDATA     |   in|  512|       m_axi|                                       gmem0|       pointer|
|m_axi_gmem0_RLAST     |   in|    1|       m_axi|                                       gmem0|       pointer|
|m_axi_gmem0_RID       |   in|    1|       m_axi|                                       gmem0|       pointer|
|m_axi_gmem0_RFIFONUM  |   in|    9|       m_axi|                                       gmem0|       pointer|
|m_axi_gmem0_RUSER     |   in|    1|       m_axi|                                       gmem0|       pointer|
|m_axi_gmem0_RRESP     |   in|    2|       m_axi|                                       gmem0|       pointer|
|m_axi_gmem0_BVALID    |   in|    1|       m_axi|                                       gmem0|       pointer|
|m_axi_gmem0_BREADY    |  out|    1|       m_axi|                                       gmem0|       pointer|
|m_axi_gmem0_BRESP     |   in|    2|       m_axi|                                       gmem0|       pointer|
|m_axi_gmem0_BID       |   in|    1|       m_axi|                                       gmem0|       pointer|
|m_axi_gmem0_BUSER     |   in|    1|       m_axi|                                       gmem0|       pointer|
|m_axi_gmem2_AWVALID   |  out|    1|       m_axi|                                       gmem2|       pointer|
|m_axi_gmem2_AWREADY   |   in|    1|       m_axi|                                       gmem2|       pointer|
|m_axi_gmem2_AWADDR    |  out|   64|       m_axi|                                       gmem2|       pointer|
|m_axi_gmem2_AWID      |  out|    1|       m_axi|                                       gmem2|       pointer|
|m_axi_gmem2_AWLEN     |  out|   32|       m_axi|                                       gmem2|       pointer|
|m_axi_gmem2_AWSIZE    |  out|    3|       m_axi|                                       gmem2|       pointer|
|m_axi_gmem2_AWBURST   |  out|    2|       m_axi|                                       gmem2|       pointer|
|m_axi_gmem2_AWLOCK    |  out|    2|       m_axi|                                       gmem2|       pointer|
|m_axi_gmem2_AWCACHE   |  out|    4|       m_axi|                                       gmem2|       pointer|
|m_axi_gmem2_AWPROT    |  out|    3|       m_axi|                                       gmem2|       pointer|
|m_axi_gmem2_AWQOS     |  out|    4|       m_axi|                                       gmem2|       pointer|
|m_axi_gmem2_AWREGION  |  out|    4|       m_axi|                                       gmem2|       pointer|
|m_axi_gmem2_AWUSER    |  out|    1|       m_axi|                                       gmem2|       pointer|
|m_axi_gmem2_WVALID    |  out|    1|       m_axi|                                       gmem2|       pointer|
|m_axi_gmem2_WREADY    |   in|    1|       m_axi|                                       gmem2|       pointer|
|m_axi_gmem2_WDATA     |  out|  512|       m_axi|                                       gmem2|       pointer|
|m_axi_gmem2_WSTRB     |  out|   64|       m_axi|                                       gmem2|       pointer|
|m_axi_gmem2_WLAST     |  out|    1|       m_axi|                                       gmem2|       pointer|
|m_axi_gmem2_WID       |  out|    1|       m_axi|                                       gmem2|       pointer|
|m_axi_gmem2_WUSER     |  out|    1|       m_axi|                                       gmem2|       pointer|
|m_axi_gmem2_ARVALID   |  out|    1|       m_axi|                                       gmem2|       pointer|
|m_axi_gmem2_ARREADY   |   in|    1|       m_axi|                                       gmem2|       pointer|
|m_axi_gmem2_ARADDR    |  out|   64|       m_axi|                                       gmem2|       pointer|
|m_axi_gmem2_ARID      |  out|    1|       m_axi|                                       gmem2|       pointer|
|m_axi_gmem2_ARLEN     |  out|   32|       m_axi|                                       gmem2|       pointer|
|m_axi_gmem2_ARSIZE    |  out|    3|       m_axi|                                       gmem2|       pointer|
|m_axi_gmem2_ARBURST   |  out|    2|       m_axi|                                       gmem2|       pointer|
|m_axi_gmem2_ARLOCK    |  out|    2|       m_axi|                                       gmem2|       pointer|
|m_axi_gmem2_ARCACHE   |  out|    4|       m_axi|                                       gmem2|       pointer|
|m_axi_gmem2_ARPROT    |  out|    3|       m_axi|                                       gmem2|       pointer|
|m_axi_gmem2_ARQOS     |  out|    4|       m_axi|                                       gmem2|       pointer|
|m_axi_gmem2_ARREGION  |  out|    4|       m_axi|                                       gmem2|       pointer|
|m_axi_gmem2_ARUSER    |  out|    1|       m_axi|                                       gmem2|       pointer|
|m_axi_gmem2_RVALID    |   in|    1|       m_axi|                                       gmem2|       pointer|
|m_axi_gmem2_RREADY    |  out|    1|       m_axi|                                       gmem2|       pointer|
|m_axi_gmem2_RDATA     |   in|  512|       m_axi|                                       gmem2|       pointer|
|m_axi_gmem2_RLAST     |   in|    1|       m_axi|                                       gmem2|       pointer|
|m_axi_gmem2_RID       |   in|    1|       m_axi|                                       gmem2|       pointer|
|m_axi_gmem2_RFIFONUM  |   in|    9|       m_axi|                                       gmem2|       pointer|
|m_axi_gmem2_RUSER     |   in|    1|       m_axi|                                       gmem2|       pointer|
|m_axi_gmem2_RRESP     |   in|    2|       m_axi|                                       gmem2|       pointer|
|m_axi_gmem2_BVALID    |   in|    1|       m_axi|                                       gmem2|       pointer|
|m_axi_gmem2_BREADY    |  out|    1|       m_axi|                                       gmem2|       pointer|
|m_axi_gmem2_BRESP     |   in|    2|       m_axi|                                       gmem2|       pointer|
|m_axi_gmem2_BID       |   in|    1|       m_axi|                                       gmem2|       pointer|
|m_axi_gmem2_BUSER     |   in|    1|       m_axi|                                       gmem2|       pointer|
|num_words             |   in|   26|     ap_none|                                   num_words|        scalar|
|sext_ln114            |   in|   58|     ap_none|                                  sext_ln114|        scalar|
|sext_ln114_1          |   in|   58|     ap_none|                                sext_ln114_1|        scalar|
+----------------------+-----+-----+------------+--------------------------------------------+--------------+

============================================================
+ Verbose Summary: Synthesis Manager
============================================================
InlineROM: 1
ExposeGlobal: 0
============================================================
+ Verbose Summary: CDFG Model
============================================================
IsTopModel: 0
ResetActiveHigh: 1
IsCombinational: 2
IsDatapathOnly: 2
HasWiredReturn: 1
HasMFsm: 2
HasVarLatency: 1
IsPipeline: 0
IsRtlPipelined: 0
IsInstanceOverlapped: 0
IsDontTouch: 0
HasImplIP: 0
IsGatedGlobalClock: 0

+ Individual pipeline summary: 
  * Pipeline-0: initiation interval (II) = 1, depth = 3


============================================================
+ Verbose Summary: Schedule
============================================================
* Number of FSM states : 3
* Pipeline : 1
  Pipeline-0 : II = 1, D = 3, States = { 1 2 3 }
* Dataflow Pipeline: 0

* FSM state transitions: 
1 --> 2 
2 --> 3 
3 --> 

* FSM state operations: 

State 1 <SV = 0> <Delay = 1.61>
ST_1 : Operation 6 [1/1] (0.00ns)   --->   "%i = alloca i32 1" [/work/shared/users/phd/sk3463/projects/helloworld/hbm_simple_xrt/src/krnl_vadd_desc.cpp:114]   --->   Operation 6 'alloca' 'i' <Predicate = true> <Delay = 0.00>
ST_1 : Operation 7 [1/1] (0.00ns)   --->   "%sext_ln114_1_read = read i58 @_ssdm_op_Read.ap_auto.i58, i58 %sext_ln114_1"   --->   Operation 7 'read' 'sext_ln114_1_read' <Predicate = true> <Delay = 0.00>
ST_1 : Operation 8 [1/1] (0.00ns)   --->   "%sext_ln114_read = read i58 @_ssdm_op_Read.ap_auto.i58, i58 %sext_ln114"   --->   Operation 8 'read' 'sext_ln114_read' <Predicate = true> <Delay = 0.00>
ST_1 : Operation 9 [1/1] (0.00ns)   --->   "%num_words_read = read i26 @_ssdm_op_Read.ap_auto.i26, i26 %num_words"   --->   Operation 9 'read' 'num_words_read' <Predicate = true> <Delay = 0.00>
ST_1 : Operation 10 [1/1] (0.00ns)   --->   "%sext_ln114_1_cast = sext i58 %sext_ln114_1_read"   --->   Operation 10 'sext' 'sext_ln114_1_cast' <Predicate = true> <Delay = 0.00>
ST_1 : Operation 11 [1/1] (0.00ns)   --->   "%sext_ln114_cast = sext i58 %sext_ln114_read"   --->   Operation 11 'sext' 'sext_ln114_cast' <Predicate = true> <Delay = 0.00>
ST_1 : Operation 12 [1/1] (0.00ns)   --->   "%specinterface_ln0 = specinterface void @_ssdm_op_SpecInterface, i512 %gmem2, void @empty_8, i32 0, i32 0, void @empty_9, i32 64, i32 0, void @empty_4, void @empty_0, void @empty_9, i32 16, i32 16, i32 16, i32 16, void @empty_9, void @empty_9, i32 4294967295, i32 0"   --->   Operation 12 'specinterface' 'specinterface_ln0' <Predicate = true> <Delay = 0.00>
ST_1 : Operation 13 [1/1] (0.00ns)   --->   "%specinterface_ln0 = specinterface void @_ssdm_op_SpecInterface, i512 %gmem0, void @empty_8, i32 0, i32 0, void @empty_9, i32 64, i32 0, void @empty_1, void @empty_0, void @empty_9, i32 16, i32 16, i32 16, i32 16, void @empty_9, void @empty_9, i32 4294967295, i32 0"   --->   Operation 13 'specinterface' 'specinterface_ln0' <Predicate = true> <Delay = 0.00>
ST_1 : Operation 14 [1/1] (0.38ns)   --->   "%store_ln114 = store i26 0, i26 %i" [/work/shared/users/phd/sk3463/projects/helloworld/hbm_simple_xrt/src/krnl_vadd_desc.cpp:114]   --->   Operation 14 'store' 'store_ln114' <Predicate = true> <Delay = 0.38>
ST_1 : Operation 15 [1/1] (0.00ns)   --->   "%br_ln0 = br void %for.inc"   --->   Operation 15 'br' 'br_ln0' <Predicate = true> <Delay = 0.00>
ST_1 : Operation 16 [1/1] (0.00ns)   --->   "%i_1 = load i26 %i" [/work/shared/users/phd/sk3463/projects/helloworld/hbm_simple_xrt/src/krnl_vadd_desc.cpp:114]   --->   Operation 16 'load' 'i_1' <Predicate = true> <Delay = 0.00>
ST_1 : Operation 17 [1/1] (0.00ns)   --->   "%specbitsmap_ln0 = specbitsmap void @_ssdm_op_SpecBitsMap, i512 %gmem2"   --->   Operation 17 'specbitsmap' 'specbitsmap_ln0' <Predicate = true> <Delay = 0.00>
ST_1 : Operation 18 [1/1] (0.00ns)   --->   "%specbitsmap_ln0 = specbitsmap void @_ssdm_op_SpecBitsMap, i512 %gmem0"   --->   Operation 18 'specbitsmap' 'specbitsmap_ln0' <Predicate = true> <Delay = 0.00>
ST_1 : Operation 19 [1/1] (0.84ns)   --->   "%icmp_ln114 = icmp_eq  i26 %i_1, i26 %num_words_read" [/work/shared/users/phd/sk3463/projects/helloworld/hbm_simple_xrt/src/krnl_vadd_desc.cpp:114]   --->   Operation 19 'icmp' 'icmp_ln114' <Predicate = true> <Delay = 0.84> <CoreInst = "Cmp">   --->   Core 9 'Cmp' <Latency = 0> <II = 1> <Delay = 0.84> <FuncUnit> <Opcode : 'icmp'> <InPorts = 2> <OutPorts = 1>
ST_1 : Operation 20 [1/1] (0.84ns)   --->   "%add_ln114 = add i26 %i_1, i26 1" [/work/shared/users/phd/sk3463/projects/helloworld/hbm_simple_xrt/src/krnl_vadd_desc.cpp:114]   --->   Operation 20 'add' 'add_ln114' <Predicate = true> <Delay = 0.84> <CoreInst = "Adder">   --->   Core 1 'Adder' <Latency = 0> <II = 1> <Delay = 0.84> <FuncUnit> <Opcode : 'add' 'sub'> <InPorts = 2> <OutPorts = 1>
ST_1 : Operation 21 [1/1] (0.00ns)   --->   "%br_ln114 = br i1 %icmp_ln114, void %for.inc.split, void %for.end.loopexit.exitStub" [/work/shared/users/phd/sk3463/projects/helloworld/hbm_simple_xrt/src/krnl_vadd_desc.cpp:114]   --->   Operation 21 'br' 'br_ln114' <Predicate = true> <Delay = 0.00>
ST_1 : Operation 22 [1/1] (0.38ns)   --->   "%store_ln114 = store i26 %add_ln114, i26 %i" [/work/shared/users/phd/sk3463/projects/helloworld/hbm_simple_xrt/src/krnl_vadd_desc.cpp:114]   --->   Operation 22 'store' 'store_ln114' <Predicate = (!icmp_ln114)> <Delay = 0.38>

State 2 <SV = 1> <Delay = 2.43>
ST_2 : Operation 23 [1/1] (0.00ns)   --->   "%gmem0_addr = getelementptr i512 %gmem0, i64 %sext_ln114_cast" [/work/shared/users/phd/sk3463/projects/helloworld/hbm_simple_xrt/src/krnl_vadd_desc.cpp:114]   --->   Operation 23 'getelementptr' 'gmem0_addr' <Predicate = true> <Delay = 0.00>
ST_2 : Operation 24 [1/1] (2.43ns)   --->   "%gmem0_addr_read = read i512 @_ssdm_op_Read.m_axi.p1i512, i64 %gmem0_addr" [/work/shared/users/phd/sk3463/projects/helloworld/hbm_simple_xrt/src/krnl_vadd_desc.cpp:122]   --->   Operation 24 'read' 'gmem0_addr_read' <Predicate = true> <Delay = 2.43> <CoreInst = "m_axi">   --->   Core 121 'm_axi' <Latency = 0> <II = 1> <Delay = 1.00> <Adapter> <Opcode : 'read' 'write' 'readreq' 'writereq' 'writeresp'>
ST_2 : Operation 31 [1/1] (0.00ns)   --->   "%ret_ln0 = ret"   --->   Operation 31 'ret' 'ret_ln0' <Predicate = (icmp_ln114)> <Delay = 0.00>

State 3 <SV = 2> <Delay = 2.43>
ST_3 : Operation 25 [1/1] (0.00ns)   --->   "%gmem2_addr = getelementptr i512 %gmem2, i64 %sext_ln114_1_cast" [/work/shared/users/phd/sk3463/projects/helloworld/hbm_simple_xrt/src/krnl_vadd_desc.cpp:114]   --->   Operation 25 'getelementptr' 'gmem2_addr' <Predicate = true> <Delay = 0.00>
ST_3 : Operation 26 [1/1] (0.00ns)   --->   "%specpipeline_ln115 = specpipeline void @_ssdm_op_SpecPipeline, i32 1, i32 0, i32 0, i32 0, void @empty_9" [/work/shared/users/phd/sk3463/projects/helloworld/hbm_simple_xrt/src/krnl_vadd_desc.cpp:115]   --->   Operation 26 'specpipeline' 'specpipeline_ln115' <Predicate = true> <Delay = 0.00>
ST_3 : Operation 27 [1/1] (0.00ns)   --->   "%speclooptripcount_ln116 = speclooptripcount void @_ssdm_op_SpecLoopTripCount, i64 16, i64 65536, i64 1024" [/work/shared/users/phd/sk3463/projects/helloworld/hbm_simple_xrt/src/krnl_vadd_desc.cpp:116]   --->   Operation 27 'speclooptripcount' 'speclooptripcount_ln116' <Predicate = true> <Delay = 0.00>
ST_3 : Operation 28 [1/1] (0.00ns)   --->   "%specloopname_ln114 = specloopname void @_ssdm_op_SpecLoopName, void @empty_16" [/work/shared/users/phd/sk3463/projects/helloworld/hbm_simple_xrt/src/krnl_vadd_desc.cpp:114]   --->   Operation 28 'specloopname' 'specloopname_ln114' <Predicate = true> <Delay = 0.00>
ST_3 : Operation 29 [1/1] (2.43ns)   --->   "%write_ln122 = write void @_ssdm_op_Write.m_axi.p1i512, i64 %gmem2_addr, i512 %gmem0_addr_read, i64 18446744073709551615" [/work/shared/users/phd/sk3463/projects/helloworld/hbm_simple_xrt/src/krnl_vadd_desc.cpp:122]   --->   Operation 29 'write' 'write_ln122' <Predicate = true> <Delay = 2.43> <CoreInst = "m_axi">   --->   Core 121 'm_axi' <Latency = 0> <II = 1> <Delay = 1.00> <Adapter> <Opcode : 'read' 'write' 'readreq' 'writereq' 'writeresp'>
ST_3 : Operation 30 [1/1] (0.00ns)   --->   "%br_ln114 = br void %for.inc" [/work/shared/users/phd/sk3463/projects/helloworld/hbm_simple_xrt/src/krnl_vadd_desc.cpp:114]   --->   Operation 30 'br' 'br_ln114' <Predicate = true> <Delay = 0.00>


============================================================
+ Verbose Summary: Binding
============================================================
STG Binding: 
---------------- STG Properties BEGIN ----------------
- Is combinational: 0
- Is one-state seq: 0
- Is datapath-only: 0
- Is pipelined: 0
- Is top level: 0
Port [ Return ] is wired: 1; IO mode=ap_ctrl_hs:ce=0
Port [ gmem2]:  wired=1; compound=1; hidden=0; nouse=0; global=0; static=0; extern=0; dir=1; type=4; pingpong=0; private_global=0; IO mode=m_axi:ce=0
Port [ gmem0]:  wired=1; compound=1; hidden=0; nouse=0; global=0; static=0; extern=0; dir=0; type=4; pingpong=0; private_global=0; IO mode=m_axi:ce=0
Port [ num_words]:  wired=1; compound=0; hidden=0; nouse=0; global=0; static=0; extern=0; dir=0; type=0; pingpong=0; private_global=0; IO mode=ap_none:ce=0
Port [ sext_ln114]:  wired=1; compound=0; hidden=0; nouse=0; global=0; static=0; extern=0; dir=0; type=0; pingpong=0; private_global=0; IO mode=ap_none:ce=0
Port [ sext_ln114_1]:  wired=1; compound=0; hidden=0; nouse=0; global=0; static=0; extern=0; dir=0; type=0; pingpong=0; private_global=0; IO mode=ap_none:ce=0
---------------- STG Properties END ------------------

---------------- Datapath Model BEGIN ----------------

<LifeTime>
<method=bitvector/>
i                       (alloca           ) [ 0100]
sext_ln114_1_read       (read             ) [ 0000]
sext_ln114_read         (read             ) [ 0000]
num_words_read          (read             ) [ 0000]
sext_ln114_1_cast       (sext             ) [ 0111]
sext_ln114_cast         (sext             ) [ 0110]
specinterface_ln0       (specinterface    ) [ 0000]
specinterface_ln0       (specinterface    ) [ 0000]
store_ln114             (store            ) [ 0000]
br_ln0                  (br               ) [ 0000]
i_1                     (load             ) [ 0000]
specbitsmap_ln0         (specbitsmap      ) [ 0000]
specbitsmap_ln0         (specbitsmap      ) [ 0000]
icmp_ln114              (icmp             ) [ 0110]
add_ln114               (add              ) [ 0000]
br_ln114                (br               ) [ 0000]
store_ln114             (store            ) [ 0000]
gmem0_addr              (getelementptr    ) [ 0000]
gmem0_addr_read         (read             ) [ 0101]
gmem2_addr              (getelementptr    ) [ 0000]
specpipeline_ln115      (specpipeline     ) [ 0000]
speclooptripcount_ln116 (speclooptripcount) [ 0000]
specloopname_ln114      (specloopname     ) [ 0000]
write_ln122             (write            ) [ 0000]
br_ln114                (br               ) [ 0000]
ret_ln0                 (ret              ) [ 0000]
</LifeTime>

<model>

<comp_list>
<comp id="0" class="1000" name="gmem2">
<pin_list>
<pin id="1" dir="1" index="0" bw="1" slack="0"/>
</pin_list>
<bind>
<StgValue><ssdm name="gmem2"/></StgValue>
</bind>
</comp>

<comp id="2" class="1000" name="gmem0">
<pin_list>
<pin id="3" dir="1" index="0" bw="1" slack="0"/>
</pin_list>
<bind>
<StgValue><ssdm name="gmem0"/></StgValue>
</bind>
</comp>

<comp id="4" class="1000" name="num_words">
<pin_list>
<pin id="5" dir="1" index="0" bw="1" slack="0"/>
</pin_list>
<bind>
<StgValue><ssdm name="num_words"/></StgValue>
</bind>
</comp>

<comp id="6" class="1000" name="sext_ln114">
<pin_list>
<pin id="7" dir="1" index="0" bw="1" slack="0"/>
</pin_list>
<bind>
<StgValue><ssdm name="sext_ln114"/></StgValue>
</bind>
</comp>

<comp id="8" class="1000" name="sext_ln114_1">
<pin_list>
<pin id="9" dir="1" index="0" bw="1" slack="0"/>
</pin_list>
<bind>
<StgValue><ssdm name="sext_ln114_1"/></StgValue>
</bind>
</comp>

<comp id="10" class="1001" name="const_10">
<pin_list>
<pin id="11" dir="1" index="0" bw="1" slack="0"/>
</pin_list>
<bind>
<StgValue><ssdm name=""/></StgValue>
</bind>
</comp>

<comp id="12" class="1001" name="const_12">
<pin_list>
<pin id="13" dir="1" index="0" bw="1" slack="0"/>
</pin_list>
<bind>
<StgValue><ssdm name="_ssdm_op_Read.ap_auto.i58"/></StgValue>
</bind>
</comp>

<comp id="14" class="1001" name="const_14">
<pin_list>
<pin id="15" dir="1" index="0" bw="1" slack="0"/>
</pin_list>
<bind>
<StgValue><ssdm name="_ssdm_op_Read.ap_auto.i26"/></StgValue>
</bind>
</comp>

<comp id="16" class="1001" name="const_16">
<pin_list>
<pin id="17" dir="1" index="0" bw="1" slack="2147483647"/>
</pin_list>
<bind>
<StgValue><ssdm name="_ssdm_op_SpecInterface"/></StgValue>
</bind>
</comp>

<comp id="18" class="1001" name="const_18">
<pin_list>
<pin id="19" dir="1" index="0" bw="1" slack="2147483647"/>
</pin_list>
<bind>
<StgValue><ssdm name="empty_8"/></StgValue>
</bind>
</comp>

<comp id="20" class="1001" name="const_20">
<pin_list>
<pin id="21" dir="1" index="0" bw="1" slack="2147483647"/>
</pin_list>
<bind>
<StgValue><ssdm name=""/></StgValue>
</bind>
</comp>

<comp id="22" class="1001" name="const_22">
<pin_list>
<pin id="23" dir="1" index="0" bw="1" slack="2147483647"/>
</pin_list>
<bind>
<StgValue><ssdm name="empty_9"/></StgValue>
</bind>
</comp>

<comp id="24" class="1001" name="const_24">
<pin_list>
<pin id="25" dir="1" index="0" bw="1" slack="2147483647"/>
</pin_list>
<bind>
<StgValue><ssdm name=""/></StgValue>
</bind>
</comp>

<comp id="26" class="1001" name="const_26">
<pin_list>
<pin id="27" dir="1" index="0" bw="1" slack="2147483647"/>
</pin_list>
<bind>
<StgValue><ssdm name="empty_4"/></StgValue>
</bind>
</comp>

<comp id="28" class="1001" name="const_28">
<pin_list>
<pin id="29" dir="1" index="0" bw="1" slack="2147483647"/>
</pin_list>
<bind>
<StgValue><ssdm name="empty_0"/></StgValue>
</bind>
</comp>

<comp id="30" class="1001" name="const_30">
<pin_list>
<pin id="31" dir="1" index="0" bw="1" slack="2147483647"/>
</pin_list>
<bind>
<StgValue><ssdm name=""/></StgValue>
</bind>
</comp>

<comp id="32" class="1001" name="const_32">
<pin_list>
<pin id="33" dir="1" index="0" bw="1" slack="2147483647"/>
</pin_list>
<bind>
<StgValue><ssdm name=""/></StgValue>
</bind>
</comp>

<comp id="34" class="1001" name="const_34">
<pin_list>
<pin id="35" dir="1" index="0" bw="1" slack="2147483647"/>
</pin_list>
<bind>
<StgValue><ssdm name="empty_1"/></StgValue>
</bind>
</comp>

<comp id="36" class="1001" name="const_36">
<pin_list>
<pin id="37" dir="1" index="0" bw="1" slack="0"/>
</pin_list>
<bind>
<StgValue><ssdm name=""/></StgValue>
</bind>
</comp>

<comp id="38" class="1001" name="const_38">
<pin_list>
<pin id="39" dir="1" index="0" bw="1" slack="2147483647"/>
</pin_list>
<bind>
<StgValue><ssdm name="_ssdm_op_SpecBitsMap"/></StgValue>
</bind>
</comp>

<comp id="40" class="1001" name="const_40">
<pin_list>
<pin id="41" dir="1" index="0" bw="1" slack="0"/>
</pin_list>
<bind>
<StgValue><ssdm name=""/></StgValue>
</bind>
</comp>

<comp id="42" class="1001" name="const_42">
<pin_list>
<pin id="43" dir="1" index="0" bw="1" slack="0"/>
</pin_list>
<bind>
<StgValue><ssdm name="_ssdm_op_Read.m_axi.p1i512"/></StgValue>
</bind>
</comp>

<comp id="44" class="1001" name="const_44">
<pin_list>
<pin id="45" dir="1" index="0" bw="1" slack="2147483647"/>
</pin_list>
<bind>
<StgValue><ssdm name="_ssdm_op_SpecPipeline"/></StgValue>
</bind>
</comp>

<comp id="46" class="1001" name="const_46">
<pin_list>
<pin id="47" dir="1" index="0" bw="1" slack="2147483647"/>
</pin_list>
<bind>
<StgValue><ssdm name="_ssdm_op_SpecLoopTripCount"/></StgValue>
</bind>
</comp>

<comp id="48" class="1001" name="const_48">
<pin_list>
<pin id="49" dir="1" index="0" bw="1" slack="2147483647"/>
</pin_list>
<bind>
<StgValue><ssdm name=""/></StgValue>
</bind>
</comp>

<comp id="50" class="1001" name="const_50">
<pin_list>
<pin id="51" dir="1" index="0" bw="1" slack="2147483647"/>
</pin_list>
<bind>
<StgValue><ssdm name=""/></StgValue>
</bind>
</comp>

<comp id="52" class="1001" name="const_52">
<pin_list>
<pin id="53" dir="1" index="0" bw="1" slack="2147483647"/>
</pin_list>
<bind>
<StgValue><ssdm name=""/></StgValue>
</bind>
</comp>

<comp id="54" class="1001" name="const_54">
<pin_list>
<pin id="55" dir="1" index="0" bw="1" slack="2147483647"/>
</pin_list>
<bind>
<StgValue><ssdm name="_ssdm_op_SpecLoopName"/></StgValue>
</bind>
</comp>

<comp id="56" class="1001" name="const_56">
<pin_list>
<pin id="57" dir="1" index="0" bw="1" slack="2147483647"/>
</pin_list>
<bind>
<StgValue><ssdm name="empty_16"/></StgValue>
</bind>
</comp>

<comp id="58" class="1001" name="const_58">
<pin_list>
<pin id="59" dir="1" index="0" bw="1" slack="0"/>
</pin_list>
<bind>
<StgValue><ssdm name="_ssdm_op_Write.m_axi.p1i512"/></StgValue>
</bind>
</comp>

<comp id="60" class="1001" name="const_60">
<pin_list>
<pin id="61" dir="1" index="0" bw="1" slack="0"/>
</pin_list>
<bind>
<StgValue><ssdm name=""/></StgValue>
</bind>
</comp>

<comp id="62" class="1004" name="i_fu_62">
<pin_list>
<pin id="63" dir="0" index="0" bw="1" slack="0"/>
<pin id="64" dir="1" index="1" bw="26" slack="0"/>
</pin_list>
<bind>
<opcode="alloca(26) " fcode="alloca"/>
<opset="i/1 "/>
</bind>
</comp>

<comp id="66" class="1004" name="sext_ln114_1_read_read_fu_66">
<pin_list>
<pin id="67" dir="0" index="0" bw="58" slack="0"/>
<pin id="68" dir="0" index="1" bw="58" slack="0"/>
<pin id="69" dir="1" index="2" bw="58" slack="0"/>
</pin_list>
<bind>
<opcode="read(1150) " fcode="read"/>
<opset="sext_ln114_1_read/1 "/>
</bind>
</comp>

<comp id="72" class="1004" name="sext_ln114_read_read_fu_72">
<pin_list>
<pin id="73" dir="0" index="0" bw="58" slack="0"/>
<pin id="74" dir="0" index="1" bw="58" slack="0"/>
<pin id="75" dir="1" index="2" bw="58" slack="0"/>
</pin_list>
<bind>
<opcode="read(1150) " fcode="read"/>
<opset="sext_ln114_read/1 "/>
</bind>
</comp>

<comp id="78" class="1004" name="num_words_read_read_fu_78">
<pin_list>
<pin id="79" dir="0" index="0" bw="26" slack="0"/>
<pin id="80" dir="0" index="1" bw="26" slack="0"/>
<pin id="81" dir="1" index="2" bw="26" slack="0"/>
</pin_list>
<bind>
<opcode="read(1150) " fcode="read"/>
<opset="num_words_read/1 "/>
</bind>
</comp>

<comp id="84" class="1004" name="gmem0_addr_read_read_fu_84">
<pin_list>
<pin id="85" dir="0" index="0" bw="512" slack="0"/>
<pin id="86" dir="0" index="1" bw="512" slack="0"/>
<pin id="87" dir="1" index="2" bw="512" slack="1"/>
</pin_list>
<bind>
<opcode="read(1150) " fcode="read"/>
<opset="gmem0_addr_read/2 "/>
</bind>
</comp>

<comp id="89" class="1004" name="write_ln122_write_fu_89">
<pin_list>
<pin id="90" dir="0" index="0" bw="0" slack="0"/>
<pin id="91" dir="0" index="1" bw="512" slack="0"/>
<pin id="92" dir="0" index="2" bw="512" slack="1"/>
<pin id="93" dir="0" index="3" bw="1" slack="0"/>
<pin id="94" dir="1" index="4" bw="0" slack="2147483647"/>
</pin_list>
<bind>
<opcode="write(1151) " fcode="write"/>
<opset="write_ln122/3 "/>
</bind>
</comp>

<comp id="97" class="1004" name="sext_ln114_1_cast_fu_97">
<pin_list>
<pin id="98" dir="0" index="0" bw="58" slack="0"/>
<pin id="99" dir="1" index="1" bw="64" slack="2"/>
</pin_list>
<bind>
<opcode="sext(35) " fcode="sext"/>
<opset="sext_ln114_1_cast/1 "/>
</bind>
</comp>

<comp id="101" class="1004" name="sext_ln114_cast_fu_101">
<pin_list>
<pin id="102" dir="0" index="0" bw="58" slack="0"/>
<pin id="103" dir="1" index="1" bw="64" slack="1"/>
</pin_list>
<bind>
<opcode="sext(35) " fcode="sext"/>
<opset="sext_ln114_cast/1 "/>
</bind>
</comp>

<comp id="105" class="1004" name="store_ln114_store_fu_105">
<pin_list>
<pin id="106" dir="0" index="0" bw="1" slack="0"/>
<pin id="107" dir="0" index="1" bw="26" slack="0"/>
<pin id="108" dir="1" index="2" bw="0" slack="2147483647"/>
</pin_list>
<bind>
<opcode="store(28) " fcode="store"/>
<opset="store_ln114/1 "/>
</bind>
</comp>

<comp id="110" class="1004" name="i_1_load_fu_110">
<pin_list>
<pin id="111" dir="0" index="0" bw="26" slack="0"/>
<pin id="112" dir="1" index="1" bw="26" slack="0"/>
</pin_list>
<bind>
<opcode="load(27) " fcode="load"/>
<opset="i_1/1 "/>
</bind>
</comp>

<comp id="113" class="1004" name="icmp_ln114_fu_113">
<pin_list>
<pin id="114" dir="0" index="0" bw="26" slack="0"/>
<pin id="115" dir="0" index="1" bw="26" slack="0"/>
<pin id="116" dir="1" index="2" bw="1" slack="1"/>
</pin_list>
<bind>
<opcode="icmp(45) " fcode="icmp"/>
<opset="icmp_ln114/1 "/>
</bind>
</comp>

<comp id="119" class="1004" name="add_ln114_fu_119">
<pin_list>
<pin id="120" dir="0" index="0" bw="26" slack="0"/>
<pin id="121" dir="0" index="1" bw="1" slack="0"/>
<pin id="122" dir="1" index="2" bw="26" slack="0"/>
</pin_list>
<bind>
<opcode="add(8) " fcode="add"/>
<opset="add_ln114/1 "/>
</bind>
</comp>

<comp id="125" class="1004" name="store_ln114_store_fu_125">
<pin_list>
<pin id="126" dir="0" index="0" bw="26" slack="0"/>
<pin id="127" dir="0" index="1" bw="26" slack="0"/>
<pin id="128" dir="1" index="2" bw="0" slack="2147483647"/>
</pin_list>
<bind>
<opcode="store(28) " fcode="store"/>
<opset="store_ln114/1 "/>
</bind>
</comp>

<comp id="130" class="1004" name="gmem0_addr_fu_130">
<pin_list>
<pin id="131" dir="0" index="0" bw="64" slack="0"/>
<pin id="132" dir="0" index="1" bw="64" slack="1"/>
<pin id="133" dir="1" index="2" bw="64" slack="0"/>
</pin_list>
<bind>
<opcode="getelementptr(29) " fcode="getelementptr"/>
<opset="gmem0_addr/2 "/>
</bind>
</comp>

<comp id="136" class="1004" name="gmem2_addr_fu_136">
<pin_list>
<pin id="137" dir="0" index="0" bw="64" slack="0"/>
<pin id="138" dir="0" index="1" bw="64" slack="2"/>
<pin id="139" dir="1" index="2" bw="64" slack="0"/>
</pin_list>
<bind>
<opcode="getelementptr(29) " fcode="getelementptr"/>
<opset="gmem2_addr/3 "/>
</bind>
</comp>

<comp id="142" class="1005" name="i_reg_142">
<pin_list>
<pin id="143" dir="0" index="0" bw="26" slack="0"/>
<pin id="144" dir="1" index="1" bw="26" slack="0"/>
</pin_list>
<bind>
<opset="i "/>
</bind>
</comp>

<comp id="149" class="1005" name="sext_ln114_1_cast_reg_149">
<pin_list>
<pin id="150" dir="0" index="0" bw="64" slack="2"/>
<pin id="151" dir="1" index="1" bw="64" slack="2"/>
</pin_list>
<bind>
<opset="sext_ln114_1_cast "/>
</bind>
</comp>

<comp id="154" class="1005" name="sext_ln114_cast_reg_154">
<pin_list>
<pin id="155" dir="0" index="0" bw="64" slack="1"/>
<pin id="156" dir="1" index="1" bw="64" slack="1"/>
</pin_list>
<bind>
<opset="sext_ln114_cast "/>
</bind>
</comp>

<comp id="159" class="1005" name="icmp_ln114_reg_159">
<pin_list>
<pin id="160" dir="0" index="0" bw="1" slack="1"/>
<pin id="161" dir="1" index="1" bw="1" slack="2147483647"/>
</pin_list>
<bind>
<opset="icmp_ln114 "/>
</bind>
</comp>

<comp id="163" class="1005" name="gmem0_addr_read_reg_163">
<pin_list>
<pin id="164" dir="0" index="0" bw="512" slack="1"/>
<pin id="165" dir="1" index="1" bw="512" slack="1"/>
</pin_list>
<bind>
<opset="gmem0_addr_read "/>
</bind>
</comp>

</comp_list>

<net_list>
<net id="65"><net_src comp="10" pin="0"/><net_sink comp="62" pin=0"/></net>

<net id="70"><net_src comp="12" pin="0"/><net_sink comp="66" pin=0"/></net>

<net id="71"><net_src comp="8" pin="0"/><net_sink comp="66" pin=1"/></net>

<net id="76"><net_src comp="12" pin="0"/><net_sink comp="72" pin=0"/></net>

<net id="77"><net_src comp="6" pin="0"/><net_sink comp="72" pin=1"/></net>

<net id="82"><net_src comp="14" pin="0"/><net_sink comp="78" pin=0"/></net>

<net id="83"><net_src comp="4" pin="0"/><net_sink comp="78" pin=1"/></net>

<net id="88"><net_src comp="42" pin="0"/><net_sink comp="84" pin=0"/></net>

<net id="95"><net_src comp="58" pin="0"/><net_sink comp="89" pin=0"/></net>

<net id="96"><net_src comp="60" pin="0"/><net_sink comp="89" pin=3"/></net>

<net id="100"><net_src comp="66" pin="2"/><net_sink comp="97" pin=0"/></net>

<net id="104"><net_src comp="72" pin="2"/><net_sink comp="101" pin=0"/></net>

<net id="109"><net_src comp="36" pin="0"/><net_sink comp="105" pin=0"/></net>

<net id="117"><net_src comp="110" pin="1"/><net_sink comp="113" pin=0"/></net>

<net id="118"><net_src comp="78" pin="2"/><net_sink comp="113" pin=1"/></net>

<net id="123"><net_src comp="110" pin="1"/><net_sink comp="119" pin=0"/></net>

<net id="124"><net_src comp="40" pin="0"/><net_sink comp="119" pin=1"/></net>

<net id="129"><net_src comp="119" pin="2"/><net_sink comp="125" pin=0"/></net>

<net id="134"><net_src comp="2" pin="0"/><net_sink comp="130" pin=0"/></net>

<net id="135"><net_src comp="130" pin="2"/><net_sink comp="84" pin=1"/></net>

<net id="140"><net_src comp="0" pin="0"/><net_sink comp="136" pin=0"/></net>

<net id="141"><net_src comp="136" pin="2"/><net_sink comp="89" pin=1"/></net>

<net id="145"><net_src comp="62" pin="1"/><net_sink comp="142" pin=0"/></net>

<net id="146"><net_src comp="142" pin="1"/><net_sink comp="105" pin=1"/></net>

<net id="147"><net_src comp="142" pin="1"/><net_sink comp="110" pin=0"/></net>

<net id="148"><net_src comp="142" pin="1"/><net_sink comp="125" pin=1"/></net>

<net id="152"><net_src comp="97" pin="1"/><net_sink comp="149" pin=0"/></net>

<net id="153"><net_src comp="149" pin="1"/><net_sink comp="136" pin=1"/></net>

<net id="157"><net_src comp="101" pin="1"/><net_sink comp="154" pin=0"/></net>

<net id="158"><net_src comp="154" pin="1"/><net_sink comp="130" pin=1"/></net>

<net id="162"><net_src comp="113" pin="2"/><net_sink comp="159" pin=0"/></net>

<net id="166"><net_src comp="84" pin="2"/><net_sink comp="163" pin=0"/></net>

<net id="167"><net_src comp="163" pin="1"/><net_sink comp="89" pin=2"/></net>

</net_list>

</model> 
---------------- Datapath Model END ------------------

* FSMD analyzer results:
  - Output states:
	Port: gmem2 | {3 }
	Port: gmem0 | {}
 - Input state : 
	Port: krnl_vadd_desc_Pipeline_data_transfer_loop : gmem2 | {}
	Port: krnl_vadd_desc_Pipeline_data_transfer_loop : gmem0 | {2 }
	Port: krnl_vadd_desc_Pipeline_data_transfer_loop : num_words | {1 }
	Port: krnl_vadd_desc_Pipeline_data_transfer_loop : sext_ln114 | {1 }
	Port: krnl_vadd_desc_Pipeline_data_transfer_loop : sext_ln114_1 | {1 }
  - Chain level:
	State 1
		store_ln114 : 1
		i_1 : 1
		icmp_ln114 : 2
		add_ln114 : 2
		br_ln114 : 3
		store_ln114 : 3
	State 2
		gmem0_addr_read : 1
	State 3
		write_ln122 : 1


============================================================
+ Verbose Summary: Datapath Resource usage 
============================================================

* Functional unit list:
|----------|------------------------------|---------|---------|
| Operation|        Functional Unit       |    FF   |   LUT   |
|----------|------------------------------|---------|---------|
|   icmp   |       icmp_ln114_fu_113      |    0    |    33   |
|----------|------------------------------|---------|---------|
|    add   |       add_ln114_fu_119       |    0    |    33   |
|----------|------------------------------|---------|---------|
|          | sext_ln114_1_read_read_fu_66 |    0    |    0    |
|   read   |  sext_ln114_read_read_fu_72  |    0    |    0    |
|          |   num_words_read_read_fu_78  |    0    |    0    |
|          |  gmem0_addr_read_read_fu_84  |    0    |    0    |
|----------|------------------------------|---------|---------|
|   write  |    write_ln122_write_fu_89   |    0    |    0    |
|----------|------------------------------|---------|---------|
|   sext   |    sext_ln114_1_cast_fu_97   |    0    |    0    |
|          |    sext_ln114_cast_fu_101    |    0    |    0    |
|----------|------------------------------|---------|---------|
|   Total  |                              |    0    |    66   |
|----------|------------------------------|---------|---------|

Memories:
N/A

* Register list:
+-------------------------+--------+
|                         |   FF   |
+-------------------------+--------+
| gmem0_addr_read_reg_163 |   512  |
|        i_reg_142        |   26   |
|    icmp_ln114_reg_159   |    1   |
|sext_ln114_1_cast_reg_149|   64   |
| sext_ln114_cast_reg_154 |   64   |
+-------------------------+--------+
|          Total          |   667  |
+-------------------------+--------+

* Multiplexer (MUX) list: 
|--------|------|------|------|--------|
|  Comp  |  Pin | Size |  BW  | S x BW |
|--------|------|------|------|--------|
|  Total |      |      |      |    0   |
|--------|------|------|------|--------|



* Summary:
+-----------+--------+--------+
|           |   FF   |   LUT  |
+-----------+--------+--------+
|  Function |    0   |   66   |
|   Memory  |    -   |    -   |
|Multiplexer|    -   |    -   |
|  Register |   667  |    -   |
+-----------+--------+--------+
|   Total   |   667  |   66   |
+-----------+--------+--------+
